(2016/10/01 18:27:50)	[INFO]		Starting Amnesia Modloader version 1.6.3
(2016/10/01 18:27:50)	[INFO]			System = Windows, preference directory = D:\System\UserFiles\Documents\GitHub\AmnesiaModLoader
(2016/10/01 18:27:50)	[INFO]			Port = 9999
(2016/10/01 18:27:50)	[INFO]			Using same directory for game and mods.
(2016/10/01 18:27:50)	[INFO]			GameDir = D:\SteamLibrary\steamapps\common\Amnesia The Dark Descent
(2016/10/01 18:27:50)	[INFO]			Root config found: D:\SteamLibrary\steamapps\common\Amnesia The Dark Descent\config\modloader.cfg
(2016/10/01 18:27:50)	[INFO]			Root config version is up to date. Version: 1.6.3
(2016/10/01 18:27:51)	[INFO]		Getting latest version number: 1.6.3
(2016/10/01 18:27:51)	[INFO]		new = 1 current = 1
(2016/10/01 18:27:51)	[INFO]		Already up to date.
(2016/10/01 18:27:51)	[INFO]		new = 6 current = 6
(2016/10/01 18:27:51)	[INFO]		Already up to date.
(2016/10/01 18:27:51)	[INFO]		new = 3 current = 3
(2016/10/01 18:27:51)	[INFO]		Already up to date.
(2016/10/01 18:27:51)	[INFO]		Loading cache...
(2016/10/01 18:27:51)	[INFO]		Adding cached index 0 to list.
(2016/10/01 18:27:51)	[INFO]			Load cache title: Amnesia - The Dark Descent -
(2016/10/01 18:27:51)	[INFO]			Load cache author: Frictional Games
(2016/10/01 18:27:51)	[INFO]			Load cache desc: Amnesia: The Dark Descent puts you in the shoes of Daniel as he wakes up in a desolate castle, barely remembering anything about his past. Exploring the eerie pathways, you must also take part of Daniel's troubled memories. The horror does not only come from the outside, but from the inside as well. A disturbing odyssey into the dark corners of the human mind awaits. 
(2016/10/01 18:27:51)	[INFO]			Load cache icon: D:\SteamLibrary\steamapps\common\Amnesia The Dark Descent\config\default.png
(2016/10/01 18:27:51)	[INFO]			Load cache compatMin: Undefined
(2016/10/01 18:27:51)	[INFO]			Load cache shaders: No
(2016/10/01 18:27:51)	[INFO]			Load cache shadersIgnore: true
(2016/10/01 18:27:51)	[INFO]			Load cache exec: 
(2016/10/01 18:27:51)	[INFO]			Load cache launch: D:\SteamLibrary\steamapps\common\Amnesia The Dark Descent\config\main_init.cfg
(2016/10/01 18:27:51)	[INFO]		Adding cached index 1 to list.
(2016/10/01 18:27:51)	[WARNING]	Icon file not found. Using default.
(2016/10/01 18:27:51)	[INFO]			Load cache title: Amnesia - The Modded Mod -
(2016/10/01 18:27:51)	[INFO]			Load cache author: Anonymous
(2016/10/01 18:27:51)	[INFO]			Load cache desc: No description.
(2016/10/01 18:27:51)	[INFO]			Load cache icon: D:\SteamLibrary\steamapps\common\Amnesia The Dark Descent\custom_stories\hybrid\config
(2016/10/01 18:27:51)	[INFO]			Load cache compatMin: Undefined
(2016/10/01 18:27:51)	[INFO]			Load cache shaders: No
(2016/10/01 18:27:51)	[INFO]			Load cache shadersIgnore: false
(2016/10/01 18:27:51)	[INFO]			Load cache exec: 
(2016/10/01 18:27:51)	[INFO]			Load cache launch: D:\SteamLibrary\steamapps\common\Amnesia The Dark Descent\custom_stories\hybrid\config\main_init.cfg
(2016/10/01 18:27:51)	[INFO]		Adding cached index 2 to list.
(2016/10/01 18:27:51)	[INFO]			Load cache title: Belen
(2016/10/01 18:27:51)	[INFO]			Load cache author: Anonymous
(2016/10/01 18:27:51)	[INFO]			Load cache desc: No description.
(2016/10/01 18:27:51)	[INFO]			Load cache icon: D:\SteamLibrary\steamapps\common\Amnesia The Dark Descent\mods\belen\config\belen.png
(2016/10/01 18:27:51)	[INFO]			Load cache compatMin: Undefined
(2016/10/01 18:27:51)	[INFO]			Load cache shaders: No
(2016/10/01 18:27:51)	[INFO]			Load cache shadersIgnore: false
(2016/10/01 18:27:51)	[INFO]			Load cache exec: 
(2016/10/01 18:27:51)	[INFO]			Load cache launch: D:\SteamLibrary\steamapps\common\Amnesia The Dark Descent\mods\belen\config\main_init.cfg
(2016/10/01 18:27:51)	[INFO]		Adding cached index 3 to list.
(2016/10/01 18:27:51)	[INFO]			Load cache title: El Fantasma
(2016/10/01 18:27:51)	[INFO]			Load cache author: Anonymous
(2016/10/01 18:27:51)	[INFO]			Load cache desc: No description.
(2016/10/01 18:27:51)	[INFO]			Load cache icon: D:\SteamLibrary\steamapps\common\Amnesia The Dark Descent\mods\el_fantasma\config\el_fantasma.png
(2016/10/01 18:27:51)	[INFO]			Load cache compatMin: Undefined
(2016/10/01 18:27:51)	[INFO]			Load cache shaders: No
(2016/10/01 18:27:51)	[INFO]			Load cache shadersIgnore: false
(2016/10/01 18:27:51)	[INFO]			Load cache exec: 
(2016/10/01 18:27:51)	[INFO]			Load cache launch: D:\SteamLibrary\steamapps\common\Amnesia The Dark Descent\mods\el_fantasma\config\main_init.cfg
(2016/10/01 18:27:51)	[INFO]		Adding cached index 4 to list.
(2016/10/01 18:27:51)	[INFO]			Load cache title: Amnesia - The Modded Mod -
(2016/10/01 18:27:51)	[INFO]			Load cache author: Mudbill
(2016/10/01 18:27:51)	[INFO]			Load cache desc: This mod revolves around stuff happening in the presence of a player.
(2016/10/01 18:27:51)	[INFO]			Load cache icon: D:\SteamLibrary\steamapps\common\Amnesia The Dark Descent\mods\modding_mod\config\icon.png
(2016/10/01 18:27:51)	[INFO]			Load cache compatMin: 1.2
(2016/10/01 18:27:51)	[INFO]			Load cache shaders: Yes
(2016/10/01 18:27:51)	[INFO]			Load cache shadersIgnore: false
(2016/10/01 18:27:51)	[INFO]			Load cache exec: 
(2016/10/01 18:27:51)	[INFO]			Load cache launch: D:\SteamLibrary\steamapps\common\Amnesia The Dark Descent\mods\modding_mod\config\main_init.cfg
(2016/10/01 18:27:51)	[INFO]		Adding cached index 5 to list.
(2016/10/01 18:27:51)	[INFO]			Load cache title: Recursive Confinement
(2016/10/01 18:27:51)	[INFO]			Load cache author: Anonymous
(2016/10/01 18:27:51)	[INFO]			Load cache desc: No description.
(2016/10/01 18:27:51)	[INFO]			Load cache icon: D:\SteamLibrary\steamapps\common\Amnesia The Dark Descent\mods\recursive_confinement\config\recur.png
(2016/10/01 18:27:51)	[INFO]			Load cache compatMin: Undefined
(2016/10/01 18:27:51)	[INFO]			Load cache shaders: No
(2016/10/01 18:27:51)	[INFO]			Load cache shadersIgnore: false
(2016/10/01 18:27:51)	[INFO]			Load cache exec: 
(2016/10/01 18:27:51)	[INFO]			Load cache launch: D:\SteamLibrary\steamapps\common\Amnesia The Dark Descent\mods\recursive_confinement\config\main_init.cfg
(2016/10/01 18:27:51)	[INFO]		Adding cached index 6 to list.
(2016/10/01 18:27:51)	[WARNING]	Icon file not found. Using default.
(2016/10/01 18:27:51)	[INFO]			Load cache title: Penumbra:Necrologue
(2016/10/01 18:27:51)	[INFO]			Load cache author: Anonymous
(2016/10/01 18:27:51)	[INFO]			Load cache desc: No description.
(2016/10/01 18:27:51)	[INFO]			Load cache icon: D:\SteamLibrary\steamapps\common\Amnesia The Dark Descent\Necrologue_eng\config
(2016/10/01 18:27:51)	[INFO]			Load cache compatMin: Undefined
(2016/10/01 18:27:51)	[INFO]			Load cache shaders: No
(2016/10/01 18:27:51)	[INFO]			Load cache shadersIgnore: false
(2016/10/01 18:27:51)	[INFO]			Load cache exec: 
(2016/10/01 18:27:51)	[INFO]			Load cache launch: D:\SteamLibrary\steamapps\common\Amnesia The Dark Descent\Necrologue_eng\config\main_init.cfg
(2016/10/01 18:27:51)	[INFO]		Adding cached index 7 to list.
(2016/10/01 18:27:51)	[WARNING]	Icon file not found. Using default.
(2016/10/01 18:27:51)	[INFO]			Load cache title: Search
(2016/10/01 18:27:51)	[INFO]			Load cache author: Anonymous
(2016/10/01 18:27:51)	[INFO]			Load cache desc: No description.
(2016/10/01 18:27:51)	[INFO]			Load cache icon: D:\SteamLibrary\steamapps\common\Amnesia The Dark Descent\search\config
(2016/10/01 18:27:51)	[INFO]			Load cache compatMin: Undefined
(2016/10/01 18:27:51)	[INFO]			Load cache shaders: No
(2016/10/01 18:27:51)	[INFO]			Load cache shadersIgnore: false
(2016/10/01 18:27:51)	[INFO]			Load cache exec: 
(2016/10/01 18:27:51)	[INFO]			Load cache launch: D:\SteamLibrary\steamapps\common\Amnesia The Dark Descent\search\config\main_init.cfg
(2016/10/01 18:27:51)	[INFO]		Adding cached index 8 to list.
(2016/10/01 18:27:51)	[INFO]			Load cache title: Amnesia - The Second Dimension
(2016/10/01 18:27:51)	[INFO]			Load cache author: Aetheric Games
(2016/10/01 18:27:51)	[INFO]			Load cache desc: Amnesia: The Second Dimension is a mod that turns A:TDD into a puzzle platformer with comedy and horror elements, with 2D action in a 3D environment.

It is currently only supported on Windows and will not run properly on Mac or Linux.

Please ensure you are using Modloader version 1.4 or newer, or the mod will not work properly.
(2016/10/01 18:27:51)	[INFO]			Load cache icon: D:\SteamLibrary\steamapps\common\Amnesia The Dark Descent\SecondDimension\config\SecondDimensionIcon_aml.png
(2016/10/01 18:27:51)	[INFO]			Load cache compatMin: 1.3
(2016/10/01 18:27:51)	[INFO]			Load cache shaders: No
(2016/10/01 18:27:51)	[INFO]			Load cache shadersIgnore: false
(2016/10/01 18:27:51)	[INFO]			Load cache exec: ATSD
(2016/10/01 18:27:51)	[INFO]			Load cache launch: D:\SteamLibrary\steamapps\common\Amnesia The Dark Descent\SecondDimension\config\main_init.cfg
(2016/10/01 18:27:51)	[INFO]		Using steam
(2016/10/01 18:27:55)	[INFO]		Closing application.
(2016/10/01 18:27:55)	[INFO]		Printing log to file: D:\System\UserFiles\Documents\GitHub\AmnesiaModLoader\log.log
